<?xml version="1.0" encoding="UTF-8"?>
<!-- Generated by org.testng.reporters.JUnitReportReporter -->
<testsuite hostname="INBook_X1" failures="0" tests="3" name="com.AutomationTalks.demoProject1.TestClass1" time="13.914" errors="0" timestamp="28 Apr 2024 10:12:53 GMT" skipped="0">
  <testcase classname="com.AutomationTalks.demoProject1.TestClass1" name="Test2" time="3.932"/>
  <testcase classname="com.AutomationTalks.demoProject1.TestClass1" name="Test3" time="4.057"/>
  <testcase classname="com.AutomationTalks.demoProject1.TestClass1" name="Test1" time="5.925"/>
</testsuite> <!-- com.AutomationTalks.demoProject1.TestClass1 -->
